  keyboard.c
C:\Users\pedro\source\repos\shake-snake\keyboard.c(5,6): warning C4013: '_kbhit' indefinido; assumindo extern retornando int
C:\Users\pedro\source\repos\shake-snake\keyboard.c(6,13): warning C4013: '_getch' indefinido; assumindo extern retornando int
  Main.c
C:\Users\pedro\source\repos\shake-snake\Main.c(20,19): warning C4244: 'inicializando': conversão de 'ULONGLONG' para 'DWORD', possível perda de dados
C:\Users\pedro\source\repos\shake-snake\Main.c(25,15): warning C4244: 'inicializando': conversão de 'ULONGLONG' para 'DWORD', possível perda de dados
C:\Users\pedro\source\repos\shake-snake\Main.c(42,18): warning C4244: 'inicializando': conversão de 'ULONGLONG' para 'DWORD', possível perda de dados
  map.c
  snake.c
C:\Users\pedro\source\repos\shake-snake\snake.c(93,5): warning C4033: 'move_one' deve retornar um valor
C:\Users\pedro\source\repos\shake-snake\snake.c(100,4): warning C4033: 'move_one' deve retornar um valor
C:\Users\pedro\source\repos\shake-snake\snake.c(109,5): warning C4033: 'move_one' deve retornar um valor
C:\Users\pedro\source\repos\shake-snake\snake.c(117,4): warning C4033: 'move_one' deve retornar um valor
C:\Users\pedro\source\repos\shake-snake\snake.c(126,5): warning C4033: 'move_one' deve retornar um valor
C:\Users\pedro\source\repos\shake-snake\snake.c(134,4): warning C4033: 'move_one' deve retornar um valor
C:\Users\pedro\source\repos\shake-snake\snake.c(143,5): warning C4033: 'move_one' deve retornar um valor
C:\Users\pedro\source\repos\shake-snake\snake.c(150,4): warning C4033: 'move_one' deve retornar um valor
  stats.c
C:\Users\pedro\source\repos\shake-snake\stats.c(10,9): warning C4244: 'função': conversão de 'time_t' para 'unsigned int', possível perda de dados
  Gerando Código...
C:\Users\pedro\source\repos\shake-snake\snake.c(181,1): warning C4715: 'move_one': nem todos os caminhos de controle retornam um valor
LINK : fatal error LNK1104: não é possível abrir o arquivo 'C:\Users\pedro\source\repos\shake-snake\x64\Debug\shake-snake.exe'
